This is pdfTeX, Version 3.14159265-2.6-1.40.19 (MiKTeX 2.9.6840 64-bit) (preloaded format=pdflatex 2018.10.22)  2 SEP 2019 10:12
entering extended mode
**./main.tex
(main.tex
LaTeX2e <2018-04-01> patch level 5
("C:\Users\jxbox\AppData\Local\Programs\MiKTeX 2.9\tex\latex\base\report.cls"
Document Class: report 2014/09/29 v1.4h Standard LaTeX document class
("C:\Users\jxbox\AppData\Local\Programs\MiKTeX 2.9\tex\latex\base\size12.clo"
File: size12.clo 2014/09/29 v1.4h Standard LaTeX file (size option)
)
\c@part=\count80
\c@chapter=\count81
\c@section=\count82
\c@subsection=\count83
\c@subsubsection=\count84
\c@paragraph=\count85
\c@subparagraph=\count86
\c@figure=\count87
\c@table=\count88
\abovecaptionskip=\skip41
\belowcaptionskip=\skip42
\bibindent=\dimen102
) ("C:\Users\jxbox\AppData\Local\Programs\MiKTeX 2.9\tex\latex\float\float.sty"
Package: float 2001/11/08 v1.3d Float enhancements (AL)
\c@float@type=\count89
\float@exts=\toks14
\float@box=\box26
\@float@everytoks=\toks15
\@floatcapt=\box27
) ("C:\Users\jxbox\AppData\Local\Programs\MiKTeX 2.9\tex\latex\xcolor\xcolor.st
y"
Package: xcolor 2016/05/11 v2.12 LaTeX color extensions (UK)

("C:\Users\jxbox\AppData\Local\Programs\MiKTeX 2.9\tex\latex\graphics-cfg\color
.cfg"
File: color.cfg 2016/01/02 v1.6 sample color configuration
)
Package xcolor Info: Driver file: pdftex.def on input line 225.

("C:\Users\jxbox\AppData\Local\Programs\MiKTeX 2.9\tex\latex\graphics-def\pdfte
x.def"
File: pdftex.def 2018/01/08 v1.0l Graphics/color driver for pdftex
)
Package xcolor Info: Model `cmy' substituted by `cmy0' on input line 1348.
Package xcolor Info: Model `hsb' substituted by `rgb' on input line 1352.
Package xcolor Info: Model `RGB' extended on input line 1364.
Package xcolor Info: Model `HTML' substituted by `rgb' on input line 1366.
Package xcolor Info: Model `Hsb' substituted by `hsb' on input line 1367.
Package xcolor Info: Model `tHsb' substituted by `hsb' on input line 1368.
Package xcolor Info: Model `HSB' substituted by `hsb' on input line 1369.
Package xcolor Info: Model `Gray' substituted by `gray' on input line 1370.
Package xcolor Info: Model `wave' substituted by `hsb' on input line 1371.
) (includes.tex
("C:\Users\jxbox\AppData\Local\Programs\MiKTeX 2.9\tex\latex\geometry\geometry.
sty"
Package: geometry 2018/04/16 v5.8 Page Geometry

("C:\Users\jxbox\AppData\Local\Programs\MiKTeX 2.9\tex\latex\graphics\keyval.st
y"
Package: keyval 2014/10/28 v1.15 key=value parser (DPC)
\KV@toks@=\toks16
)
("C:\Users\jxbox\AppData\Local\Programs\MiKTeX 2.9\tex\generic\oberdiek\ifpdf.s
ty"
Package: ifpdf 2018/09/07 v3.3 Provides the ifpdf switch
)
("C:\Users\jxbox\AppData\Local\Programs\MiKTeX 2.9\tex\generic\oberdiek\ifvtex.
sty"
Package: ifvtex 2016/05/16 v1.6 Detect VTeX and its facilities (HO)
Package ifvtex Info: VTeX not detected.
)
("C:\Users\jxbox\AppData\Local\Programs\MiKTeX 2.9\tex\generic\ifxetex\ifxetex.
sty"
Package: ifxetex 2010/09/12 v0.6 Provides ifxetex conditional
)
\Gm@cnth=\count90
\Gm@cntv=\count91
\c@Gm@tempcnt=\count92
\Gm@bindingoffset=\dimen103
\Gm@wd@mp=\dimen104
\Gm@odd@mp=\dimen105
\Gm@even@mp=\dimen106
\Gm@layoutwidth=\dimen107
\Gm@layoutheight=\dimen108
\Gm@layouthoffset=\dimen109
\Gm@layoutvoffset=\dimen110
\Gm@dimlist=\toks17

("C:\Users\jxbox\AppData\Local\Programs\MiKTeX 2.9\tex\latex\geometry\geometry.
cfg"))
("C:\Users\jxbox\AppData\Local\Programs\MiKTeX 2.9\tex\latex\textpos\textpos.st
y"
Package: textpos 2019/04/15 v1.9.1

Package: textpos 2019/04/15 1.9.1, absolute positioning of text on the page
\TP@textbox=\box28
\TPHorizModule=\dimen111
\TPVertModule=\dimen112
\TP@margin=\dimen113
\TP@absmargin=\dimen114
Grid set 16 x 16 = 37.34424pt x 52.81541pt
\TPboxrulesize=\dimen115
\TP@tbargs=\toks18
\TP@prevdepth=\dimen116
) ("C:\Users\jxbox\AppData\Local\Programs\MiKTeX 2.9\tex\latex\natbib\natbib.st
y"
Package: natbib 2010/09/13 8.31b (PWD, AO)
\bibhang=\skip43
\bibsep=\skip44
LaTeX Info: Redefining \cite on input line 694.
\c@NAT@ctr=\count93
)
("C:\Users\jxbox\AppData\Local\Programs\MiKTeX 2.9\tex\latex\tools\tabularx.sty
"
Package: tabularx 2016/02/03 v2.11b `tabularx' package (DPC)
 ("C:\Users\jxbox\AppData\Local\Programs\MiKTeX 2.9\tex\latex\tools\array.sty"
Package: array 2018/04/30 v2.4h Tabular extension package (FMi)
\col@sep=\dimen117
\ar@mcellbox=\box29
\extrarowheight=\dimen118
\NC@list=\toks19
\extratabsurround=\skip45
\backup@length=\skip46
\ar@cellbox=\box30
)
\TX@col@width=\dimen119
\TX@old@table=\dimen120
\TX@old@col=\dimen121
\TX@target=\dimen122
\TX@delta=\dimen123
\TX@cols=\count94
\TX@ftn=\toks20
)
("C:\Users\jxbox\AppData\Local\Programs\MiKTeX 2.9\tex\latex\tools\longtable.st
y"
Package: longtable 2014/10/28 v4.11 Multi-page Table package (DPC)
\LTleft=\skip47
\LTright=\skip48
\LTpre=\skip49
\LTpost=\skip50
\LTchunksize=\count95
\LTcapwidth=\dimen124
\LT@head=\box31
\LT@firsthead=\box32
\LT@foot=\box33
\LT@lastfoot=\box34
\LT@cols=\count96
\LT@rows=\count97
\c@LT@tables=\count98
\c@LT@chunks=\count99
\LT@p@ftn=\toks21
)
("C:\Users\jxbox\AppData\Local\Programs\MiKTeX 2.9\tex\latex\multirow\multirow.
sty"
Package: multirow 2018/08/03 v2.3 Span multiple rows of a table
\multirow@colwidth=\skip51
\multirow@cntb=\count100
\multirow@dima=\skip52
\bigstrutjot=\dimen125
)
("C:\Users\jxbox\AppData\Local\Programs\MiKTeX 2.9\tex\latex\subfigure\subfigur
e.sty"
Package: subfigure 2002/07/30 v2.1.4 subfigure package
\subfigtopskip=\skip53
\subfigcapskip=\skip54
\subfigcaptopadj=\dimen126
\subfigbottomskip=\skip55
\subfigcapmargin=\dimen127
\subfiglabelskip=\skip56
\c@subfigure=\count101
\c@lofdepth=\count102
\c@subtable=\count103
\c@lotdepth=\count104

****************************************
* Local config file subfigure.cfg used *
****************************************

("C:\Users\jxbox\AppData\Local\Programs\MiKTeX 2.9\tex\latex\subfigure\subfigur
e.cfg")
\subfig@top=\skip57
\subfig@bottom=\skip58
)
("C:\Users\jxbox\AppData\Local\Programs\MiKTeX 2.9\tex\latex\caption\caption.st
y"
Package: caption 2018/10/06 v3.3-154 Customizing captions (AR)

("C:\Users\jxbox\AppData\Local\Programs\MiKTeX 2.9\tex\latex\caption\caption3.s
ty"
Package: caption3 2018/09/12 v1.8c caption3 kernel (AR)
Package caption3 Info: TeX engine: e-TeX on input line 64.
\captionmargin=\dimen128
\captionmargin@=\dimen129
\captionwidth=\dimen130
\caption@tempdima=\dimen131
\caption@indent=\dimen132
\caption@parindent=\dimen133
\caption@hangindent=\dimen134
)
\c@caption@flags=\count105
\c@ContinuedFloat=\count106
Package caption Info: float package is loaded.
Package caption Info: longtable package is loaded.

("C:\Users\jxbox\AppData\Local\Programs\MiKTeX 2.9\tex\latex\caption\ltcaption.
sty"
Package: ltcaption 2018/08/26 v1.4-95 longtable captions (AR)
)
Package caption Info: subfigure package is loaded.
)
("C:\Users\jxbox\AppData\Local\Programs\MiKTeX 2.9\tex\latex\fncylab\fncylab.st
y")
("C:\Users\jxbox\AppData\Local\Programs\MiKTeX 2.9\tex\latex\fancyhdr\fancyhdr.
sty"
Package: fancyhdr 2019/01/31 v3.10 Extensive control of page headers and footer
s
\f@nch@headwidth=\skip59
\f@nch@O@elh=\skip60
\f@nch@O@erh=\skip61
\f@nch@O@olh=\skip62
\f@nch@O@orh=\skip63
\f@nch@O@elf=\skip64
\f@nch@O@erf=\skip65
\f@nch@O@olf=\skip66
\f@nch@O@orf=\skip67
) ("C:\Users\jxbox\AppData\Local\Programs\MiKTeX 2.9\tex\latex\url\url.sty"
\Urlmuskip=\muskip10
Package: url 2013/09/16  ver 3.4  Verb mode for urls, etc.
) ("C:\Users\jxbox\AppData\Local\Programs\MiKTeX 2.9\tex\generic\babel\babel.st
y"
Package: babel 2018/10/16 3.26 The Babel package

("C:\Users\jxbox\AppData\Local\Programs\MiKTeX 2.9\tex\generic\babel\switch.def
"
File: switch.def 2018/10/16 3.26 Babel switching mechanism
)
*************************************
* Local config file bblopts.cfg used
*
("C:\Users\jxbox\AppData\Local\Programs\MiKTeX 2.9\tex\latex\arabi\bblopts.cfg"
File: bblopts.cfg 2005/09/08 v0.1 add Arabic and Farsi to "declared" options of
 babel
)
("C:\Users\jxbox\AppData\Local\Programs\MiKTeX 2.9\tex\latex\babel-english\engl
ish.ldf"
Language: english 2017/06/06 v3.3r English support from the babel system

("C:\Users\jxbox\AppData\Local\Programs\MiKTeX 2.9\tex\generic\babel\babel.def"
File: babel.def 2018/10/16 3.26 Babel common definitions
\babel@savecnt=\count107
\U@D=\dimen135

("C:\Users\jxbox\AppData\Local\Programs\MiKTeX 2.9\tex\generic\babel\txtbabel.d
ef")
\bbl@dirlevel=\count108
)
\l@canadian = a dialect from \language\l@american 
\l@australian = a dialect from \language\l@british 
\l@newzealand = a dialect from \language\l@british 
))
("C:\Users\jxbox\AppData\Local\Programs\MiKTeX 2.9\tex\latex\amsmath\amsmath.st
y"
Package: amsmath 2017/09/02 v2.17a AMS math features
\@mathmargin=\skip68

For additional information on amsmath, use the `?' option.

("C:\Users\jxbox\AppData\Local\Programs\MiKTeX 2.9\tex\latex\amsmath\amstext.st
y"
Package: amstext 2000/06/29 v2.01 AMS text

("C:\Users\jxbox\AppData\Local\Programs\MiKTeX 2.9\tex\latex\amsmath\amsgen.sty
"
File: amsgen.sty 1999/11/30 v2.0 generic functions
\@emptytoks=\toks22
\ex@=\dimen136
))
("C:\Users\jxbox\AppData\Local\Programs\MiKTeX 2.9\tex\latex\amsmath\amsbsy.sty
"
Package: amsbsy 1999/11/29 v1.2d Bold Symbols
\pmbraise@=\dimen137
)
("C:\Users\jxbox\AppData\Local\Programs\MiKTeX 2.9\tex\latex\amsmath\amsopn.sty
"
Package: amsopn 2016/03/08 v2.02 operator names
)
\inf@bad=\count109
LaTeX Info: Redefining \frac on input line 213.
\uproot@=\count110
\leftroot@=\count111
LaTeX Info: Redefining \overline on input line 375.
\classnum@=\count112
\DOTSCASE@=\count113
LaTeX Info: Redefining \ldots on input line 472.
LaTeX Info: Redefining \dots on input line 475.
LaTeX Info: Redefining \cdots on input line 596.
\Mathstrutbox@=\box35
\strutbox@=\box36
\big@size=\dimen138
LaTeX Font Info:    Redeclaring font encoding OML on input line 712.
LaTeX Font Info:    Redeclaring font encoding OMS on input line 713.
\macc@depth=\count114
\c@MaxMatrixCols=\count115
\dotsspace@=\muskip11
\c@parentequation=\count116
\dspbrk@lvl=\count117
\tag@help=\toks23
\row@=\count118
\column@=\count119
\maxfields@=\count120
\andhelp@=\toks24
\eqnshift@=\dimen139
\alignsep@=\dimen140
\tagshift@=\dimen141
\tagwidth@=\dimen142
\totwidth@=\dimen143
\lineht@=\dimen144
\@envbody=\toks25
\multlinegap=\skip69
\multlinetaggap=\skip70
\mathdisplay@stack=\toks26
LaTeX Info: Redefining \[ on input line 2817.
LaTeX Info: Redefining \] on input line 2818.
)
("C:\Users\jxbox\AppData\Local\Programs\MiKTeX 2.9\tex\latex\algorithms\algorit
hm.sty"
Package: algorithm 2009/08/24 v0.1 Document Style `algorithm' - floating enviro
nment

("C:\Users\jxbox\AppData\Local\Programs\MiKTeX 2.9\tex\latex\base\ifthen.sty"
Package: ifthen 2014/09/29 v1.1c Standard LaTeX ifthen package (DPC)
)
\@float@every@algorithm=\toks27
\c@algorithm=\count121
)
("C:\Users\jxbox\AppData\Local\Programs\MiKTeX 2.9\tex\latex\algorithmicx\algps
eudocode.sty"
Package: algpseudocode 

("C:\Users\jxbox\AppData\Local\Programs\MiKTeX 2.9\tex\latex\algorithmicx\algor
ithmicx.sty"
Package: algorithmicx 2005/04/27 v1.2 Algorithmicx

Document Style algorithmicx 1.2 - a greatly improved `algorithmic' style
\c@ALG@line=\count122
\c@ALG@rem=\count123
\c@ALG@nested=\count124
\ALG@tlm=\skip71
\ALG@thistlm=\skip72
\c@ALG@Lnr=\count125
\c@ALG@blocknr=\count126
\c@ALG@storecount=\count127
\c@ALG@tmpcounter=\count128
\ALG@tmplength=\skip73
)
Document Style - pseudocode environments for use with the `algorithmicx' style
)
("C:\Users\jxbox\AppData\Local\Programs\MiKTeX 2.9\tex\latex\graphics\graphicx.
sty"
Package: graphicx 2017/06/01 v1.1a Enhanced LaTeX Graphics (DPC,SPQR)

("C:\Users\jxbox\AppData\Local\Programs\MiKTeX 2.9\tex\latex\graphics\graphics.
sty"
Package: graphics 2017/06/25 v1.2c Standard LaTeX Graphics (DPC,SPQR)

("C:\Users\jxbox\AppData\Local\Programs\MiKTeX 2.9\tex\latex\graphics\trig.sty"
Package: trig 2016/01/03 v1.10 sin cos tan (DPC)
)
("C:\Users\jxbox\AppData\Local\Programs\MiKTeX 2.9\tex\latex\graphics-cfg\graph
ics.cfg"
File: graphics.cfg 2016/06/04 v1.11 sample graphics configuration
)
Package graphics Info: Driver file: pdftex.def on input line 99.
)
\Gin@req@height=\dimen145
\Gin@req@width=\dimen146
)
("C:\Users\jxbox\AppData\Local\Programs\MiKTeX 2.9\tex\latex\doublestroke\dsfon
t.sty"
Package: dsfont 1995/08/01 v0.1 Double stroke roman fonts
)
("C:\Users\jxbox\AppData\Local\Programs\MiKTeX 2.9\tex\latex\oberdiek\epstopdf.
sty"
Package: epstopdf 2016/05/15 v2.6 Conversion with epstopdf on the fly (HO)

("C:\Users\jxbox\AppData\Local\Programs\MiKTeX 2.9\tex\latex\oberdiek\epstopdf-
base.sty"
Package: epstopdf-base 2016/05/15 v2.6 Base part for package epstopdf

("C:\Users\jxbox\AppData\Local\Programs\MiKTeX 2.9\tex\generic\oberdiek\infware
rr.sty"
Package: infwarerr 2016/05/16 v1.4 Providing info/warning/error messages (HO)
)
("C:\Users\jxbox\AppData\Local\Programs\MiKTeX 2.9\tex\latex\oberdiek\grfext.st
y"
Package: grfext 2016/05/16 v1.2 Manage graphics extensions (HO)

("C:\Users\jxbox\AppData\Local\Programs\MiKTeX 2.9\tex\generic\oberdiek\kvdefin
ekeys.sty"
Package: kvdefinekeys 2016/05/16 v1.4 Define keys (HO)

("C:\Users\jxbox\AppData\Local\Programs\MiKTeX 2.9\tex\generic\oberdiek\ltxcmds
.sty"
Package: ltxcmds 2016/05/16 v1.23 LaTeX kernel commands for general use (HO)
)))
("C:\Users\jxbox\AppData\Local\Programs\MiKTeX 2.9\tex\latex\oberdiek\kvoptions
.sty"
Package: kvoptions 2016/05/16 v3.12 Key value format for package options (HO)

("C:\Users\jxbox\AppData\Local\Programs\MiKTeX 2.9\tex\generic\oberdiek\kvsetke
ys.sty"
Package: kvsetkeys 2016/05/16 v1.17 Key value parser (HO)

("C:\Users\jxbox\AppData\Local\Programs\MiKTeX 2.9\tex\generic\oberdiek\etexcmd
s.sty"
Package: etexcmds 2016/05/16 v1.6 Avoid name clashes with e-TeX commands (HO)

("C:\Users\jxbox\AppData\Local\Programs\MiKTeX 2.9\tex\generic\oberdiek\ifluate
x.sty"
Package: ifluatex 2016/05/16 v1.4 Provides the ifluatex switch (HO)
Package ifluatex Info: LuaTeX not detected.
)
Package etexcmds Info: Could not find \expanded.
(etexcmds)             That can mean that you are not using pdfTeX 1.50 or
(etexcmds)             that some package has redefined \expanded.
(etexcmds)             In the latter case, load this package earlier.
)))
("C:\Users\jxbox\AppData\Local\Programs\MiKTeX 2.9\tex\generic\oberdiek\pdftexc
mds.sty"
Package: pdftexcmds 2018/09/10 v0.29 Utility functions of pdfTeX for LuaTeX (HO
)
Package pdftexcmds Info: LuaTeX not detected.
Package pdftexcmds Info: \pdf@primitive is available.
Package pdftexcmds Info: \pdf@ifprimitive is available.
Package pdftexcmds Info: \pdfdraftmode found.
)
Package epstopdf-base Info: Redefining graphics rule for `.eps' on input line 4
38.
Package grfext Info: Graphics extension search list:
(grfext)             [.pdf,.png,.jpg,.mps,.jpeg,.jbig2,.jb2,.PDF,.PNG,.JPG,.JPE
G,.JBIG2,.JB2,.eps]
(grfext)             \AppendGraphicsExtensions on input line 456.
))
("C:\Users\jxbox\AppData\Local\Programs\MiKTeX 2.9\tex\latex\base\latexsym.sty"
Package: latexsym 1998/08/17 v2.2e Standard LaTeX package (lasy symbols)
\symlasy=\mathgroup4
LaTeX Font Info:    Overwriting symbol font `lasy' in version `bold'
(Font)                  U/lasy/m/n --> U/lasy/b/n on input line 52.
)
("C:\Users\jxbox\AppData\Local\Programs\MiKTeX 2.9\tex\latex\hyperref\hyperref.
sty"
Package: hyperref 2018/09/30 v6.88a Hypertext links for LaTeX

("C:\Users\jxbox\AppData\Local\Programs\MiKTeX 2.9\tex\generic\oberdiek\hobsub-
hyperref.sty"
Package: hobsub-hyperref 2016/05/16 v1.14 Bundle oberdiek, subset hyperref (HO)


("C:\Users\jxbox\AppData\Local\Programs\MiKTeX 2.9\tex\generic\oberdiek\hobsub-
generic.sty"
Package: hobsub-generic 2016/05/16 v1.14 Bundle oberdiek, subset generic (HO)
Package: hobsub 2016/05/16 v1.14 Construct package bundles (HO)
Package hobsub Info: Skipping package `infwarerr' (already loaded).
Package hobsub Info: Skipping package `ltxcmds' (already loaded).
Package hobsub Info: Skipping package `ifluatex' (already loaded).
Package hobsub Info: Skipping package `ifvtex' (already loaded).
Package: intcalc 2016/05/16 v1.2 Expandable calculations with integers (HO)
Package hobsub Info: Skipping package `ifpdf' (already loaded).
Package hobsub Info: Skipping package `etexcmds' (already loaded).
Package hobsub Info: Skipping package `kvsetkeys' (already loaded).
Package hobsub Info: Skipping package `kvdefinekeys' (already loaded).
Package hobsub Info: Skipping package `pdftexcmds' (already loaded).
Package: pdfescape 2016/05/16 v1.14 Implements pdfTeX's escape features (HO)
Package: bigintcalc 2016/05/16 v1.4 Expandable calculations on big integers (HO
)
Package: bitset 2016/05/16 v1.2 Handle bit-vector datatype (HO)
Package: uniquecounter 2016/05/16 v1.3 Provide unlimited unique counter (HO)
)
Package hobsub Info: Skipping package `hobsub' (already loaded).
Package: letltxmacro 2016/05/16 v1.5 Let assignment for LaTeX macros (HO)
Package: hopatch 2016/05/16 v1.3 Wrapper for package hooks (HO)
Package: xcolor-patch 2016/05/16 xcolor patch
Package: atveryend 2016/05/16 v1.9 Hooks at the very end of document (HO)
Package atveryend Info: \enddocument detected (standard20110627).
Package: atbegshi 2016/06/09 v1.18 At begin shipout hook (HO)
Package: refcount 2016/05/16 v3.5 Data extraction from label references (HO)
Package: hycolor 2016/05/16 v1.8 Color options for hyperref/bookmark (HO)
)
("C:\Users\jxbox\AppData\Local\Programs\MiKTeX 2.9\tex\latex\oberdiek\auxhook.s
ty"
Package: auxhook 2016/05/16 v1.4 Hooks for auxiliary files (HO)
)
\@linkdim=\dimen147
\Hy@linkcounter=\count129
\Hy@pagecounter=\count130

("C:\Users\jxbox\AppData\Local\Programs\MiKTeX 2.9\tex\latex\hyperref\pd1enc.de
f"
File: pd1enc.def 2018/09/30 v6.88a Hyperref: PDFDocEncoding definition (HO)
Now handling font encoding PD1 ...
... no UTF-8 mapping file for font encoding PD1
)
\Hy@SavedSpaceFactor=\count131

("C:\Users\jxbox\AppData\Local\Programs\MiKTeX 2.9\tex\latex\00miktex\hyperref.
cfg"
File: hyperref.cfg 2002/06/06 v1.2 hyperref configuration of TeXLive
)
Package hyperref Info: Option `hypertexnames' set `false' on input line 4409.
Package hyperref Info: Option `colorlinks' set `true' on input line 4409.
Package hyperref Info: Hyper figures OFF on input line 4535.
Package hyperref Info: Link nesting OFF on input line 4540.
Package hyperref Info: Hyper index ON on input line 4543.
Package hyperref Info: Plain pages OFF on input line 4550.
Package hyperref Info: Backreferencing OFF on input line 4555.
Package hyperref Info: Implicit mode ON; LaTeX internals redefined.
Package hyperref Info: Bookmarks ON on input line 4788.
\c@Hy@tempcnt=\count132
LaTeX Info: Redefining \url on input line 5141.
\XeTeXLinkMargin=\dimen148
\Fld@menulength=\count133
\Field@Width=\dimen149
\Fld@charsize=\dimen150
Package hyperref Info: Hyper figures OFF on input line 6396.
Package hyperref Info: Link nesting OFF on input line 6401.
Package hyperref Info: Hyper index ON on input line 6404.
Package hyperref Info: backreferencing OFF on input line 6411.
Package hyperref Info: Link coloring ON on input line 6414.
Package hyperref Info: Link coloring with OCG OFF on input line 6421.
Package hyperref Info: PDF/A mode OFF on input line 6426.
LaTeX Info: Redefining \ref on input line 6466.
LaTeX Info: Redefining \pageref on input line 6470.
\Hy@abspage=\count134
\c@Item=\count135
\c@Hfootnote=\count136
)
Package hyperref Info: Driver: hpdftex.

("C:\Users\jxbox\AppData\Local\Programs\MiKTeX 2.9\tex\latex\hyperref\hpdftex.d
ef"
File: hpdftex.def 2018/09/30 v6.88a Hyperref driver for pdfTeX
\Fld@listcount=\count137
\c@bookmark@seq@number=\count138

("C:\Users\jxbox\AppData\Local\Programs\MiKTeX 2.9\tex\latex\oberdiek\rerunfile
check.sty"
Package: rerunfilecheck 2016/05/16 v1.8 Rerun checks for auxiliary files (HO)
Package uniquecounter Info: New unique counter `rerunfilecheck' on input line 2
82.
)
\Hy@SectionHShift=\skip74
)
Package hyperref Info: Option `bookmarksnumbered' set `true' on input line 49.
Package hyperref Info: Option `bookmarksopen' set `true' on input line 49.
Package hyperref Info: Option `colorlinks' set `true' on input line 49.
) (notation.tex) (main.aux)
\openout1 = `main.aux'.

LaTeX Font Info:    Checking defaults for OML/cmm/m/it on input line 29.
LaTeX Font Info:    ... okay on input line 29.
LaTeX Font Info:    Checking defaults for T1/cmr/m/n on input line 29.
LaTeX Font Info:    ... okay on input line 29.
LaTeX Font Info:    Checking defaults for OT1/cmr/m/n on input line 29.
LaTeX Font Info:    ... okay on input line 29.
LaTeX Font Info:    Checking defaults for OMS/cmsy/m/n on input line 29.
LaTeX Font Info:    ... okay on input line 29.
LaTeX Font Info:    Checking defaults for OMX/cmex/m/n on input line 29.
LaTeX Font Info:    ... okay on input line 29.
LaTeX Font Info:    Checking defaults for U/cmr/m/n on input line 29.
LaTeX Font Info:    ... okay on input line 29.
LaTeX Font Info:    Checking defaults for PD1/pdf/m/n on input line 29.
LaTeX Font Info:    ... okay on input line 29.
LaTeX Font Info:    Try loading font information for OT1+bch on input line 29.

("C:\Users\jxbox\AppData\Local\Programs\MiKTeX 2.9\tex\latex\psnfss\ot1bch.fd"
File: ot1bch.fd 2004/10/18 font definitions for OT1/bch.
)
("C:\Users\jxbox\AppData\Local\Programs\MiKTeX 2.9\tex\context\base\supp-pdf.mk
ii"
[Loading MPS to PDF converter (version 2006.09.02).]
\scratchcounter=\count139
\scratchdimen=\dimen151
\scratchbox=\box37
\nofMPsegments=\count140
\nofMParguments=\count141
\everyMPshowfont=\toks28
\MPscratchCnt=\count142
\MPscratchDim=\dimen152
\MPnumerator=\count143
\makeMPintoPDFobject=\count144
\everyMPtoPDFconversion=\toks29
)
*geometry* driver: auto-detecting
*geometry* detected driver: pdftex
*geometry* verbose mode - [ preamble ] result:
* driver: pdftex
* paper: a4paper
* layout: <same size as paper>
* layoutoffset:(h,v)=(0.0pt,0.0pt)
* modes: includehead includefoot twoside 
* h-part:(L,W,R)=(79.6678pt, 438.17227pt, 79.6678pt)
* v-part:(T,H,B)=(56.9055pt, 731.23584pt, 56.9055pt)
* \paperwidth=597.50787pt
* \paperheight=845.04684pt
* \textwidth=438.17227pt
* \textheight=664.23584pt
* \oddsidemargin=7.39781pt
* \evensidemargin=7.39781pt
* \topmargin=-15.36449pt
* \headheight=14.5pt
* \headsep=25.0pt
* \topskip=12.0pt
* \footskip=30.0pt
* \marginparwidth=95.0pt
* \marginparsep=10.0pt
* \columnsep=10.0pt
* \skip\footins=10.8pt plus 4.0pt minus 2.0pt
* \hoffset=0.0pt
* \voffset=0.0pt
* \mag=1000
* \@twocolumnfalse
* \@twosidetrue
* \@mparswitchtrue
* \@reversemarginfalse
* (1in=72.27pt=25.4mm, 1cm=28.453pt)

Package caption Info: Begin \AtBeginDocument code.
Package caption Info: hyperref package is loaded.
Package caption Info: End \AtBeginDocument code.
\AtBeginShipoutBox=\box38
Package hyperref Info: Link coloring ON on input line 29.

("C:\Users\jxbox\AppData\Local\Programs\MiKTeX 2.9\tex\latex\hyperref\nameref.s
ty"
Package: nameref 2016/05/21 v2.44 Cross-referencing by name of section

("C:\Users\jxbox\AppData\Local\Programs\MiKTeX 2.9\tex\generic\oberdiek\gettitl
estring.sty"
Package: gettitlestring 2016/05/16 v1.5 Cleanup title references (HO)
)
\c@section@level=\count145
)
LaTeX Info: Redefining \ref on input line 29.
LaTeX Info: Redefining \pageref on input line 29.
LaTeX Info: Redefining \nameref on input line 29.
 (main.out) (main.out)
\@outlinefile=\write3
\openout3 = `main.out'.

 (titlepage.tex
<./figures/imperial.pdf, id=195, 362.35374pt x 95.35625pt>
File: ./figures/imperial.pdf Graphic file (type pdf)
<use ./figures/imperial.pdf>
Package pdftex.def Info: ./figures/imperial.pdf  used on input line 11.
(pdftex.def)             Requested size: 113.81102pt x 29.95006pt.

Underfull \hbox (badness 10000) in paragraph at lines 11--12

 []

LaTeX Font Info:    Font shape `OT1/bch/bx/n' in size <24.88> not available
(Font)              Font shape `OT1/bch/b/n' tried instead on input line 27.
LaTeX Font Info:    Try loading font information for U+lasy on input line 39.
("C:\Users\jxbox\AppData\Local\Programs\MiKTeX 2.9\tex\latex\base\ulasy.fd"
File: ulasy.fd 1998/08/17 v2.2e LaTeX symbol font definitions
)
[1

{C:/Users/jxbox/AppData/Local/MiKTeX/2.9/pdftex/config/pdftex.map} <./figures/i
mperial.pdf>])
LaTeX Font Info:    Font shape `OT1/bch/bx/n' in size <12> not available
(Font)              Font shape `OT1/bch/b/n' tried instead on input line 42.

Underfull \hbox (badness 10000) in paragraph at lines 44--45

 []


Underfull \hbox (badness 10000) in paragraph at lines 46--47

 []


Underfull \hbox (badness 10000) in paragraph at lines 48--49

 []


Underfull \hbox (badness 10000) in paragraph at lines 50--51

 []

[1


] [2

]
LaTeX Font Info:    Font shape `OT1/bch/bx/n' in size <17.28> not available
(Font)              Font shape `OT1/bch/b/n' tried instead on input line 57.

Underfull \hbox (badness 10000) in paragraph at lines 59--60

 []


Underfull \hbox (badness 10000) in paragraph at lines 69--70

 []


Underfull \hbox (badness 10000) in paragraph at lines 71--72

 []

[3] [4


] (main.toc [5

])
\tf@toc=\write4
\openout4 = `main.toc'.

 [6]
Chapter 1.

Underfull \hbox (badness 10000) in paragraph at lines 90--91

 []


Underfull \hbox (badness 10000) in paragraph at lines 92--93

 []


Underfull \hbox (badness 10000) in paragraph at lines 94--95

 []


Underfull \hbox (badness 10000) in paragraph at lines 96--97

 []

[1



]
Underfull \hbox (badness 10000) in paragraph at lines 98--99

 []


Underfull \hbox (badness 10000) in paragraph at lines 100--101

 []


Underfull \hbox (badness 10000) in paragraph at lines 102--103

 []


Underfull \hbox (badness 10000) in paragraph at lines 104--105

 []

[2]
Chapter 2.

Underfull \hbox (badness 10000) in paragraph at lines 109--110

 []


Underfull \hbox (badness 10000) in paragraph at lines 113--115

 []


Underfull \hbox (badness 10000) in paragraph at lines 116--117

 []

LaTeX Font Info:    Font shape `OT1/bch/bx/n' in size <14.4> not available
(Font)              Font shape `OT1/bch/b/n' tried instead on input line 118.

Underfull \hbox (badness 10000) in paragraph at lines 120--121

 []

[3

]
Underfull \hbox (badness 10000) in paragraph at lines 122--123

 []


Underfull \hbox (badness 10000) in paragraph at lines 124--125

 []


Underfull \hbox (badness 10000) in paragraph at lines 128--129

 []


Overfull \hbox (6.12636pt too wide) in paragraph at lines 132--133
\OT1/bch/m/n/12 A nat-u-ral syn-ergy with the Apt-Markakis model is Schelling's
 model of self-segregation
 []


Underfull \hbox (badness 10000) in paragraph at lines 132--133

 []

[4]
Underfull \hbox (badness 10000) in paragraph at lines 136--137

 []


Underfull \hbox (badness 10000) in paragraph at lines 140--141

 []


Underfull \hbox (badness 10000) in paragraph at lines 143--144

 []


Underfull \hbox (badness 10000) in paragraph at lines 146--147

 []

[5]
Underfull \hbox (badness 10000) in paragraph at lines 149--150

 []


Underfull \hbox (badness 10000) in paragraph at lines 151--152

 []


Underfull \hbox (badness 10000) in paragraph at lines 155--156

 []


Underfull \hbox (badness 10000) in paragraph at lines 157--158

 []


Underfull \hbox (badness 10000) in paragraph at lines 161--162

 []

[6]
Underfull \hbox (badness 10000) in paragraph at lines 163--165

 []


Underfull \hbox (badness 10000) in paragraph at lines 166--167

 []


Underfull \hbox (badness 10000) in paragraph at lines 170--171

 []

[7]
Underfull \hbox (badness 10000) in paragraph at lines 174--175

 []


Underfull \hbox (badness 10000) in paragraph at lines 176--177

 []


Underfull \hbox (badness 10000) in paragraph at lines 180--181

 []


Underfull \hbox (badness 10000) in paragraph at lines 182--183

 []


Underfull \hbox (badness 10000) in paragraph at lines 184--185

 []

[8]
Underfull \hbox (badness 10000) in paragraph at lines 188--189

 []


Underfull \hbox (badness 10000) in paragraph at lines 190--191

 []


Underfull \hbox (badness 10000) in paragraph at lines 194--195

 []


Underfull \hbox (badness 10000) in paragraph at lines 196--197

 []


Underfull \hbox (badness 10000) in paragraph at lines 200--201

 []

[9]
Underfull \hbox (badness 10000) in paragraph at lines 202--203

 []


Underfull \hbox (badness 10000) in paragraph at lines 204--205

 []


Underfull \hbox (badness 10000) in paragraph at lines 206--207

 []


Underfull \hbox (badness 10000) in paragraph at lines 208--209

 []

[10]
Chapter 3.

Underfull \hbox (badness 10000) in paragraph at lines 213--214

 []


Package hyperref Warning: Difference (2) between bookmark levels is greater 
(hyperref)                than one, level fixed on input line 215.


Underfull \hbox (badness 10000) in paragraph at lines 217--218

 []


Underfull \hbox (badness 10000) in paragraph at lines 221--222

 []


Underfull \hbox (badness 10000) in paragraph at lines 223--224

 []

[11

]
Underfull \hbox (badness 10000) in paragraph at lines 225--226

 []


Underfull \hbox (badness 10000) in paragraph at lines 229--230

 []


Underfull \hbox (badness 10000) in paragraph at lines 232--233

 []


Underfull \hbox (badness 10000) in paragraph at lines 236--237

 []

Package hyperref Info: bookmark level for unknown algorithm defaults to 0 on in
put line 239.

Underfull \hbox (badness 10000) in paragraph at lines 260--261

 []

[12]
Underfull \hbox (badness 10000) in paragraph at lines 282--283

 []

[13]
Underfull \hbox (badness 10000) in paragraph at lines 314--315

 []


Underfull \hbox (badness 10000) in paragraph at lines 318--319

 []

[14]
<figures/saturated_graph.png, id=405, 433.62pt x 289.08pt>
File: figures/saturated_graph.png Graphic file (type png)
<use figures/saturated_graph.png>
Package pdftex.def Info: figures/saturated_graph.png  used on input line 323.
(pdftex.def)             Requested size: 197.17618pt x 131.4522pt.


Package caption Warning: The option `hypcap=true' will be ignored for this
(caption)                particular \caption on input line 324.
See the caption package documentation for explanation.

LaTeX Font Info:    Font shape `OT1/bch/bx/n' in size <10.95> not available
(Font)              Font shape `OT1/bch/b/n' tried instead on input line 324.
<figures/fixed_graph.png, id=407, 433.62pt x 289.08pt>
File: figures/fixed_graph.png Graphic file (type png)
<use figures/fixed_graph.png>
Package pdftex.def Info: figures/fixed_graph.png  used on input line 328.
(pdftex.def)             Requested size: 197.17618pt x 131.4522pt.

Package caption Warning: The option `hypcap=true' will be ignored for this
(caption)                particular \caption on input line 329.
See the caption package documentation for explanation.


Package caption Warning: The option `hypcap=true' will be ignored for this
(caption)                particular \caption on input line 331.
See the caption package documentation for explanation.


Underfull \hbox (badness 10000) in paragraph at lines 335--336

 []


Overfull \hbox (14.53987pt too wide) in paragraph at lines 337--338
\OT1/bch/m/n/12 changes or caps. We changed the Apt-Markakis sam-pling dis-tri-
bu-tion to $\OML/cmm/m/it/12 Beta\OT1/cmr/m/n/12 (0\OML/cmm/m/it/12 :\OT1/cmr/m
/n/12 75\OML/cmm/m/it/12 ; \OT1/cmr/m/n/12 0\OML/cmm/m/it/12 :\OT1/cmr/m/n/12 7
5)$
 []


Underfull \hbox (badness 10000) in paragraph at lines 337--338

 []


Underfull \hbox (badness 10000) in paragraph at lines 339--340

 []


Underfull \hbox (badness 10000) in paragraph at lines 341--342

 []

[15 <./figures/saturated_graph.png> <./figures/fixed_graph.png>]
Underfull \hbox (badness 10000) in paragraph at lines 343--344

 []

<figures/hist.png, id=417, 10.0375pt x 6.69167pt>
File: figures/hist.png Graphic file (type png)
<use figures/hist.png>
Package pdftex.def Info: figures/hist.png  used on input line 348.
(pdftex.def)             Requested size: 197.17618pt x 131.53204pt.

Package caption Warning: The option `hypcap=true' will be ignored for this
(caption)                particular \caption on input line 349.
See the caption package documentation for explanation.

<figures/hist3.png, id=418, 10.0375pt x 6.69167pt>
File: figures/hist3.png Graphic file (type png)
<use figures/hist3.png>
Package pdftex.def Info: figures/hist3.png  used on input line 353.
(pdftex.def)             Requested size: 197.17618pt x 131.53204pt.

Package caption Warning: The option `hypcap=true' will be ignored for this
(caption)                particular \caption on input line 354.
See the caption package documentation for explanation.

<figures/hist4.png, id=419, 10.0375pt x 6.69167pt>
File: figures/hist4.png Graphic file (type png)
<use figures/hist4.png>
Package pdftex.def Info: figures/hist4.png  used on input line 359.
(pdftex.def)             Requested size: 197.17618pt x 131.53204pt.

Package caption Warning: The option `hypcap=true' will be ignored for this
(caption)                particular \caption on input line 360.
See the caption package documentation for explanation.

<figures/hist2.png, id=420, 10.0375pt x 6.69167pt>
File: figures/hist2.png Graphic file (type png)
<use figures/hist2.png>
Package pdftex.def Info: figures/hist2.png  used on input line 364.
(pdftex.def)             Requested size: 197.17618pt x 131.53204pt.

Package caption Warning: The option `hypcap=true' will be ignored for this
(caption)                particular \caption on input line 365.
See the caption package documentation for explanation.


Package caption Warning: The option `hypcap=true' will be ignored for this
(caption)                particular \caption on input line 367.
See the caption package documentation for explanation.


Underfull \hbox (badness 10000) in paragraph at lines 373--374

 []

[16 <./figures/hist.png> <./figures/hist3.png> <./figures/hist4.png> <./figures
/hist2.png>]
Underfull \hbox (badness 10000) in paragraph at lines 375--376

 []


Underfull \hbox (badness 10000) in paragraph at lines 377--378

 []


Underfull \hbox (badness 10000) in paragraph at lines 381--382

 []


Underfull \hbox (badness 10000) in paragraph at lines 385--386

 []

[17]
<diagram/please.PNG, id=440, 529.37775pt x 594.42075pt>
File: diagram/please.PNG Graphic file (type png)
<use diagram/please.PNG>
Package pdftex.def Info: diagram/please.PNG  used on input line 392.
(pdftex.def)             Requested size: 438.17227pt x 492.00856pt.


Package caption Warning: The option `hypcap=true' will be ignored for this
(caption)                particular \caption on input line 393.
See the caption package documentation for explanation.


Underfull \hbox (badness 10000) in paragraph at lines 397--398

 []

[18 <./diagram/please.PNG>]
Underfull \hbox (badness 10000) in paragraph at lines 401--402

 []


Underfull \hbox (badness 10000) in paragraph at lines 403--404

 []


Underfull \hbox (badness 10000) in paragraph at lines 434--435

 []


Underfull \vbox (badness 1590) has occurred while \output is active []

 [19]
Underfull \hbox (badness 10000) in paragraph at lines 438--439

 []


Underfull \hbox (badness 10000) in paragraph at lines 442--443

 []


Underfull \hbox (badness 10000) in paragraph at lines 444--445

 []


Overfull \hbox (0.26726pt too wide) in paragraph at lines 448--449
\OT1/bch/m/n/12 The net-work ar-chi-tec-ture went through sev-eral dis-tinct ph
ases of de-vel-op-ment. Early
 []


Underfull \hbox (badness 10000) in paragraph at lines 448--449

 []

[20]
Underfull \hbox (badness 10000) in paragraph at lines 450--451

 []


Underfull \hbox (badness 10000) in paragraph at lines 459--460

 []


Underfull \hbox (badness 10000) in paragraph at lines 463--464

 []


Underfull \hbox (badness 10000) in paragraph at lines 465--466

 []

[21]
Underfull \hbox (badness 10000) in paragraph at lines 469--470

 []


Underfull \hbox (badness 10000) in paragraph at lines 471--472

 []


Underfull \hbox (badness 10000) in paragraph at lines 473--474

 []


Underfull \hbox (badness 10000) in paragraph at lines 477--478

 []

[22]
Underfull \hbox (badness 10000) in paragraph at lines 479--480

 []

[23]
Chapter 4.

Underfull \hbox (badness 10000) in paragraph at lines 484--485

 []


Underfull \hbox (badness 10000) in paragraph at lines 488--489

 []


Underfull \hbox (badness 10000) in paragraph at lines 492--493

 []

<figures/degs/1.png, id=500, 433.62pt x 289.08pt>
File: figures/degs/1.png Graphic file (type png)
<use figures/degs/1.png>
Package pdftex.def Info: figures/degs/1.png  used on input line 497.
(pdftex.def)             Requested size: 197.17618pt x 131.4522pt.

Package caption Warning: The option `hypcap=true' will be ignored for this
(caption)                particular \caption on input line 498.
See the caption package documentation for explanation.

<figures/degs/3.png, id=501, 433.62pt x 289.08pt>
File: figures/degs/3.png Graphic file (type png)
<use figures/degs/3.png>
Package pdftex.def Info: figures/degs/3.png  used on input line 502.
(pdftex.def)             Requested size: 197.17618pt x 131.4522pt.

Package caption Warning: The option `hypcap=true' will be ignored for this
(caption)                particular \caption on input line 503.
See the caption package documentation for explanation.


Underfull \vbox (badness 2635) has occurred while \output is active []

 [24

]
<figures/degs/facebook.png, id=507, 433.62pt x 289.08pt>
File: figures/degs/facebook.png Graphic file (type png)
<use figures/degs/facebook.png>
Package pdftex.def Info: figures/degs/facebook.png  used on input line 508.
(pdftex.def)             Requested size: 197.17618pt x 131.4522pt.


Package caption Warning: The option `hypcap=true' will be ignored for this
(caption)                particular \caption on input line 509.
See the caption package documentation for explanation.

<figures/degs/ba.png, id=508, 433.62pt x 289.08pt>
File: figures/degs/ba.png Graphic file (type png)
<use figures/degs/ba.png>
Package pdftex.def Info: figures/degs/ba.png  used on input line 513.
(pdftex.def)             Requested size: 197.17618pt x 131.4522pt.

Package caption Warning: The option `hypcap=true' will be ignored for this
(caption)                particular \caption on input line 514.
See the caption package documentation for explanation.


Package caption Warning: The option `hypcap=true' will be ignored for this
(caption)                particular \caption on input line 516.
See the caption package documentation for explanation.


Underfull \hbox (badness 10000) in paragraph at lines 519--520

 []


Underfull \hbox (badness 10000) in paragraph at lines 523--524

 []


Underfull \hbox (badness 10000) in paragraph at lines 527--528

 []

[25 <./figures/degs/1.png> <./figures/degs/3.png> <./figures/degs/facebook.png>
 <./figures/degs/ba.png>]

Package caption Warning: The option `hypcap=true' will be ignored for this
(caption)                particular \caption on input line 537.
See the caption package documentation for explanation.

<figures/lens.png, id=526, 433.62pt x 289.08pt>
File: figures/lens.png Graphic file (type png)
<use figures/lens.png>
Package pdftex.def Info: figures/lens.png  used on input line 543.
(pdftex.def)             Requested size: 197.17618pt x 131.4522pt.

Package caption Warning: The option `hypcap=true' will be ignored for this
(caption)                particular \caption on input line 544.
See the caption package documentation for explanation.

<figures/clusts.png, id=527, 433.62pt x 289.08pt>
File: figures/clusts.png Graphic file (type png)
<use figures/clusts.png>
Package pdftex.def Info: figures/clusts.png  used on input line 548.
(pdftex.def)             Requested size: 197.17618pt x 131.4522pt.

Package caption Warning: The option `hypcap=true' will be ignored for this
(caption)                particular \caption on input line 549.
See the caption package documentation for explanation.


Package caption Warning: The option `hypcap=true' will be ignored for this
(caption)                particular \caption on input line 551.
See the caption package documentation for explanation.


Underfull \hbox (badness 10000) in paragraph at lines 556--557

 []

<figures/densification.png, id=529, 433.62pt x 289.08pt>
File: figures/densification.png Graphic file (type png)
<use figures/densification.png>
Package pdftex.def Info: figures/densification.png  used on input line 561.
(pdftex.def)             Requested size: 197.17618pt x 131.4522pt.

Package caption Warning: The option `hypcap=true' will be ignored for this
(caption)                particular \caption on input line 562.
See the caption package documentation for explanation.

<figures/diameters.png, id=530, 433.62pt x 289.08pt>
File: figures/diameters.png Graphic file (type png)
<use figures/diameters.png>
Package pdftex.def Info: figures/diameters.png  used on input line 566.
(pdftex.def)             Requested size: 197.17618pt x 131.4522pt.

Package caption Warning: The option `hypcap=true' will be ignored for this
(caption)                particular \caption on input line 567.
See the caption package documentation for explanation.


Package caption Warning: The option `hypcap=true' will be ignored for this
(caption)                particular \caption on input line 569.
See the caption package documentation for explanation.


Underfull \vbox (badness 5985) has occurred while \output is active []

 [26 <./figures/lens.png> <./figures/clusts.png>]
Underfull \hbox (badness 10000) in paragraph at lines 572--573

 []


Underfull \hbox (badness 10000) in paragraph at lines 576--577

 []


Underfull \hbox (badness 10000) in paragraph at lines 580--581

 []


Underfull \hbox (badness 10000) in paragraph at lines 582--583

 []

<figures/er_dendro.png, id=547, 447.6725pt x 303.1325pt>
File: figures/er_dendro.png Graphic file (type png)
<use figures/er_dendro.png>
Package pdftex.def Info: figures/er_dendro.png  used on input line 587.
(pdftex.def)             Requested size: 197.17618pt x 133.51747pt.

Package caption Warning: The option `hypcap=true' will be ignored for this
(caption)                particular \caption on input line 588.
See the caption package documentation for explanation.

<figures/fractal_dendro.png, id=548, 447.6725pt x 303.1325pt>
File: figures/fractal_dendro.png Graphic file (type png)
<use figures/fractal_dendro.png>
Package pdftex.def Info: figures/fractal_dendro.png  used on input line 592.
(pdftex.def)             Requested size: 197.17618pt x 133.51747pt.

Package caption Warning: The option `hypcap=true' will be ignored for this
(caption)                particular \caption on input line 593.
See the caption package documentation for explanation.

<figures/uvl_dendro.png, id=549, 13.38333pt x 8.93338pt>
File: figures/uvl_dendro.png Graphic file (type png)
<use figures/uvl_dendro.png>
Package pdftex.def Info: figures/uvl_dendro.png  used on input line 597.
(pdftex.def)             Requested size: 197.17618pt x 131.6967pt.

Package caption Warning: The option `hypcap=true' will be ignored for this
(caption)                particular \caption on input line 598.
See the caption package documentation for explanation.

<figures/1500_dendro.png, id=550, 13.38333pt x 8.93338pt>
File: figures/1500_dendro.png Graphic file (type png)
<use figures/1500_dendro.png>
Package pdftex.def Info: figures/1500_dendro.png  used on input line 602.
(pdftex.def)             Requested size: 197.17618pt x 131.6967pt.

Package caption Warning: The option `hypcap=true' will be ignored for this
(caption)                particular \caption on input line 603.
See the caption package documentation for explanation.


Package caption Warning: The option `hypcap=true' will be ignored for this
(caption)                particular \caption on input line 605.
See the caption package documentation for explanation.

[27 <./figures/densification.png> <./figures/diameters.png>]
Underfull \hbox (badness 10000) in paragraph at lines 611--612

 []

<figures/er_curve.png, id=565, 399.4925pt x 271.0125pt>
File: figures/er_curve.png Graphic file (type png)
<use figures/er_curve.png>
Package pdftex.def Info: figures/er_curve.png  used on input line 616.
(pdftex.def)             Requested size: 197.17618pt x 133.76494pt.

Package caption Warning: The option `hypcap=true' will be ignored for this
(caption)                particular \caption on input line 617.
See the caption package documentation for explanation.

<figures/fractal_curve.png, id=566, 385.44pt x 256.96pt>
File: figures/fractal_curve.png Graphic file (type png)
<use figures/fractal_curve.png>
Package pdftex.def Info: figures/fractal_curve.png  used on input line 621.
(pdftex.def)             Requested size: 197.17618pt x 131.44778pt.

Package caption Warning: The option `hypcap=true' will be ignored for this
(caption)                particular \caption on input line 622.
See the caption package documentation for explanation.

<figures/uvl_curve.png, id=567, 399.4925pt x 271.0125pt>
File: figures/uvl_curve.png Graphic file (type png)
<use figures/uvl_curve.png>
Package pdftex.def Info: figures/uvl_curve.png  used on input line 626.
(pdftex.def)             Requested size: 197.17618pt x 133.76494pt.

Package caption Warning: The option `hypcap=true' will be ignored for this
(caption)                particular \caption on input line 627.
See the caption package documentation for explanation.

<figures/1750_curve.png, id=568, 385.44pt x 256.96pt>
File: figures/1750_curve.png Graphic file (type png)
<use figures/1750_curve.png>
Package pdftex.def Info: figures/1750_curve.png  used on input line 631.
(pdftex.def)             Requested size: 197.17618pt x 131.44778pt.

Package caption Warning: The option `hypcap=true' will be ignored for this
(caption)                particular \caption on input line 632.
See the caption package documentation for explanation.

[28 <./figures/er_dendro.png> <./figures/fractal_dendro.png> <./figures/uvl_den
dro.png> <./figures/1500_dendro.png> <./figures/er_curve.png> <./figures/fracta
l_curve.png>]

Package caption Warning: \captionsetup{type*=...} or \captionof
(caption)                outside box or environment on input line 635.
See the caption package documentation for explanation.


Package caption Warning: The option `hypcap=true' will be ignored for this
(caption)                particular \caption on input line 635.
See the caption package documentation for explanation.


Underfull \hbox (badness 10000) in paragraph at lines 638--639

 []

<figures/er_bifurcations.png, id=588, 447.6725pt x 303.1325pt>
File: figures/er_bifurcations.png Graphic file (type png)
<use figures/er_bifurcations.png>
Package pdftex.def Info: figures/er_bifurcations.png  used on input line 643.
(pdftex.def)             Requested size: 197.17618pt x 133.51747pt.

Package caption Warning: The option `hypcap=true' will be ignored for this
(caption)                particular \caption on input line 644.
See the caption package documentation for explanation.


Underfull \hbox (badness 10000) in paragraph at lines 644--644
[] \OT1/bch/b/n/10.95 (a): |[]\OT1/bch/m/n/10.95 Erd[]os{R[]enyi graph,
 []

<figures/fractal_bifurcation.png, id=589, 447.6725pt x 303.1325pt>
File: figures/fractal_bifurcation.png Graphic file (type png)
<use figures/fractal_bifurcation.png>
Package pdftex.def Info: figures/fractal_bifurcation.png  used on input line 64
8.
(pdftex.def)             Requested size: 197.17618pt x 133.51747pt.

Package caption Warning: The option `hypcap=true' will be ignored for this
(caption)                particular \caption on input line 649.
See the caption package documentation for explanation.


Underfull \hbox (badness 10000) in paragraph at lines 649--649
[] \OT1/bch/b/n/10.95 (b): |[]\OT1/bch/m/n/10.95 Song frac-tal model,
 []

<figures/uvl_bifurcations.png, id=590, 16.72917pt x 11.14163pt>
File: figures/uvl_bifurcations.png Graphic file (type png)
<use figures/uvl_bifurcations.png>
Package pdftex.def Info: figures/uvl_bifurcations.png  used on input line 653.
(pdftex.def)             Requested size: 197.17618pt x 131.40053pt.

Package caption Warning: The option `hypcap=true' will be ignored for this
(caption)                particular \caption on input line 654.
See the caption package documentation for explanation.


Underfull \hbox (badness 4752) in paragraph at lines 654--654
[] \OT1/bch/b/n/10.95 (c): |[]\OT1/bch/m/n/10.95 Guimera's email dataset,
 []

<figures/1750_bifurcations.png, id=591, 16.72917pt x 11.14163pt>
File: figures/1750_bifurcations.png Graphic file (type png)
<use figures/1750_bifurcations.png>
Package pdftex.def Info: figures/1750_bifurcations.png  used on input line 658.

(pdftex.def)             Requested size: 197.17618pt x 131.40053pt.

Package caption Warning: The option `hypcap=true' will be ignored for this
(caption)                particular \caption on input line 659.
See the caption package documentation for explanation.


Package caption Warning: The option `hypcap=true' will be ignored for this
(caption)                particular \caption on input line 661.
See the caption package documentation for explanation.

[29 <./figures/uvl_curve.png> <./figures/1750_curve.png> <./figures/er_bifurcat
ions.png> <./figures/fractal_bifurcation.png> <./figures/uvl_bifurcations.png> 
<./figures/1750_bifurcations.png>]
Underfull \hbox (badness 10000) in paragraph at lines 665--666

 []


Package caption Warning: The option `hypcap=true' will be ignored for this
(caption)                particular \caption on input line 676.
See the caption package documentation for explanation.


Underfull \hbox (badness 10000) in paragraph at lines 679--680

 []


Package caption Warning: The option `hypcap=true' will be ignored for this
(caption)                particular \caption on input line 690.
See the caption package documentation for explanation.


Underfull \hbox (badness 10000) in paragraph at lines 695--696

 []


Underfull \hbox (badness 10000) in paragraph at lines 697--698

 []

[30]
<figures/ba_hausdorff.png, id=621, 403.5075pt x 274.02374pt>
File: figures/ba_hausdorff.png Graphic file (type png)
<use figures/ba_hausdorff.png>
Package pdftex.def Info: figures/ba_hausdorff.png  used on input line 702.
(pdftex.def)             Requested size: 197.17618pt x 133.90485pt.


Package caption Warning: The option `hypcap=true' will be ignored for this
(caption)                particular \caption on input line 703.
See the caption package documentation for explanation.

<figures/song_hausdorff.png, id=622, 394.47375pt x 266.9975pt>
File: figures/song_hausdorff.png Graphic file (type png)
<use figures/song_hausdorff.png>
Package pdftex.def Info: figures/song_hausdorff.png  used on input line 707.
(pdftex.def)             Requested size: 197.17618pt x 133.45767pt.

Package caption Warning: The option `hypcap=true' will be ignored for this
(caption)                particular \caption on input line 708.
See the caption package documentation for explanation.

<figures/uvl_hausdorff.png, id=623, 403.5075pt x 274.02374pt>
File: figures/uvl_hausdorff.png Graphic file (type png)
<use figures/uvl_hausdorff.png>
Package pdftex.def Info: figures/uvl_hausdorff.png  used on input line 712.
(pdftex.def)             Requested size: 197.17618pt x 133.90485pt.

Package caption Warning: The option `hypcap=true' will be ignored for this
(caption)                particular \caption on input line 713.
See the caption package documentation for explanation.

<figures/1500_hausdorff.png, id=624, 408.52625pt x 274.02374pt>
File: figures/1500_hausdorff.png Graphic file (type png)
<use figures/1500_hausdorff.png>
Package pdftex.def Info: figures/1500_hausdorff.png  used on input line 717.
(pdftex.def)             Requested size: 197.17618pt x 132.25743pt.

Package caption Warning: The option `hypcap=true' will be ignored for this
(caption)                particular \caption on input line 718.
See the caption package documentation for explanation.


Package caption Warning: The option `hypcap=true' will be ignored for this
(caption)                particular \caption on input line 720.
See the caption package documentation for explanation.


Underfull \hbox (badness 10000) in paragraph at lines 724--725

 []


Underfull \hbox (badness 10000) in paragraph at lines 726--727

 []


Underfull \hbox (badness 10000) in paragraph at lines 731--732

 []

[31 <./figures/ba_hausdorff.png> <./figures/song_hausdorff.png> <./figures/uvl_
hausdorff.png> <./figures/1500_hausdorff.png>]
<figures/1.png, id=639, 433.62pt x 289.08pt>
File: figures/1.png Graphic file (type png)
<use figures/1.png>
Package pdftex.def Info: figures/1.png  used on input line 736.
(pdftex.def)             Requested size: 197.17618pt x 131.4522pt.
<figures/3.png, id=640, 433.62pt x 289.08pt>
File: figures/3.png Graphic file (type png)
<use figures/3.png>
Package pdftex.def Info: figures/3.png  used on input line 740.
(pdftex.def)             Requested size: 197.17618pt x 131.4522pt.


Package caption Warning: The option `hypcap=true' will be ignored for this
(caption)                particular \caption on input line 742.
See the caption package documentation for explanation.


Package caption Warning: The option `hypcap=true' will be ignored for this
(caption)                particular \caption on input line 757.
See the caption package documentation for explanation.


Underfull \hbox (badness 10000) in paragraph at lines 760--761

 []


Underfull \hbox (badness 10000) in paragraph at lines 764--765

 []

[32 <./figures/1.png> <./figures/3.png>]
Underfull \hbox (badness 10000) in paragraph at lines 768--769

 []


Underfull \hbox (badness 10000) in paragraph at lines 770--771

 []

<figures/cora/node2vec_true.png, id=654, 381.425pt x 252.945pt>
File: figures/cora/node2vec_true.png Graphic file (type png)
<use figures/cora/node2vec_true.png>
Package pdftex.def Info: figures/cora/node2vec_true.png  used on input line 775
.
(pdftex.def)             Requested size: 197.17618pt x 130.75636pt.

Package caption Warning: The option `hypcap=true' will be ignored for this
(caption)                particular \caption on input line 776.
See the caption package documentation for explanation.

<figures/cora/dyngem_true.png, id=655, 381.425pt x 252.945pt>
File: figures/cora/dyngem_true.png Graphic file (type png)
<use figures/cora/dyngem_true.png>
Package pdftex.def Info: figures/cora/dyngem_true.png  used on input line 780.
(pdftex.def)             Requested size: 197.17618pt x 130.75636pt.

Package caption Warning: The option `hypcap=true' will be ignored for this
(caption)                particular \caption on input line 781.
See the caption package documentation for explanation.

<figures/cora/true_our_model.png, id=656, 381.425pt x 252.945pt>
File: figures/cora/true_our_model.png Graphic file (type png)
<use figures/cora/true_our_model.png>
Package pdftex.def Info: figures/cora/true_our_model.png  used on input line 78
5.
(pdftex.def)             Requested size: 197.17618pt x 130.75636pt.

Package caption Warning: The option `hypcap=true' will be ignored for this
(caption)                particular \caption on input line 786.
See the caption package documentation for explanation.


Package caption Warning: The option `hypcap=true' will be ignored for this
(caption)                particular \caption on input line 788.
See the caption package documentation for explanation.


Underfull \vbox (badness 10000) has occurred while \output is active []

 [33 <./figures/cora/node2vec_true.png> <./figures/cora/dyngem_true.png>]
Underfull \hbox (badness 10000) in paragraph at lines 794--795

 []


Underfull \hbox (badness 10000) in paragraph at lines 796--797

 []


Package caption Warning: The option `hypcap=true' will be ignored for this
(caption)                particular \caption on input line 806.
See the caption package documentation for explanation.


Underfull \hbox (badness 10000) in paragraph at lines 809--810

 []

[34 <./figures/cora/true_our_model.png>]
Underfull \hbox (badness 10000) in paragraph at lines 817--818

 []


Package caption Warning: The option `hypcap=true' will be ignored for this
(caption)                particular \caption on input line 827.
See the caption package documentation for explanation.


Underfull \hbox (badness 10000) in paragraph at lines 830--831

 []


Underfull \hbox (badness 10000) in paragraph at lines 834--835

 []


Underfull \hbox (badness 10000) in paragraph at lines 836--837

 []

[35]

Package caption Warning: The option `hypcap=true' will be ignored for this
(caption)                particular \caption on input line 846.
See the caption package documentation for explanation.


Underfull \hbox (badness 10000) in paragraph at lines 851--852

 []

<figures/tsne_graph1.png, id=682, 447.6725pt x 303.1325pt>
File: figures/tsne_graph1.png Graphic file (type png)
<use figures/tsne_graph1.png>
Package pdftex.def Info: figures/tsne_graph1.png  used on input line 855.
(pdftex.def)             Requested size: 197.17618pt x 133.51747pt.

Package caption Warning: The option `hypcap=true' will be ignored for this
(caption)                particular \caption on input line 856.
See the caption package documentation for explanation.

<figures/tsne_graph2.png, id=683, 447.6725pt x 303.1325pt>
File: figures/tsne_graph2.png Graphic file (type png)
<use figures/tsne_graph2.png>
Package pdftex.def Info: figures/tsne_graph2.png  used on input line 860.
(pdftex.def)             Requested size: 197.17618pt x 133.51747pt.

Package caption Warning: The option `hypcap=true' will be ignored for this
(caption)                particular \caption on input line 861.
See the caption package documentation for explanation.

<figures/tsne_trajectory2.png, id=684, 381.425pt x 252.945pt>
File: figures/tsne_trajectory2.png Graphic file (type png)
<use figures/tsne_trajectory2.png>
Package pdftex.def Info: figures/tsne_trajectory2.png  used on input line 865.
(pdftex.def)             Requested size: 197.17618pt x 130.75636pt.

Package caption Warning: The option `hypcap=true' will be ignored for this
(caption)                particular \caption on input line 866.
See the caption package documentation for explanation.

<figures/emb_change.png, id=685, 384.43625pt x 269.005pt>
File: figures/emb_change.png Graphic file (type png)
<use figures/emb_change.png>
Package pdftex.def Info: figures/emb_change.png  used on input line 870.
(pdftex.def)             Requested size: 197.17618pt x 137.97472pt.

Package caption Warning: The option `hypcap=true' will be ignored for this
(caption)                particular \caption on input line 871.
See the caption package documentation for explanation.


Package caption Warning: The option `hypcap=true' will be ignored for this
(caption)                particular \caption on input line 873.
See the caption package documentation for explanation.


Underfull \hbox (badness 10000) in paragraph at lines 878--879

 []

[36 <./figures/tsne_graph1.png> <./figures/tsne_graph2.png> <./figures/tsne_tra
jectory2.png> <./figures/emb_change.png>]
Underfull \hbox (badness 10000) in paragraph at lines 880--881

 []


Underfull \hbox (badness 10000) in paragraph at lines 884--885

 []


Underfull \hbox (badness 10000) in paragraph at lines 886--887

 []

[37]
Chapter 5.

Underfull \hbox (badness 10000) in paragraph at lines 899--900

 []


Underfull \hbox (badness 10000) in paragraph at lines 901--902

 []


Underfull \hbox (badness 10000) in paragraph at lines 903--904

 []


Underfull \hbox (badness 10000) in paragraph at lines 905--906

 []


Underfull \vbox (badness 10000) has occurred while \output is active []

 [38

]
Underfull \hbox (badness 10000) in paragraph at lines 907--908

 []


Underfull \hbox (badness 10000) in paragraph at lines 911--912

 []


Underfull \hbox (badness 10000) in paragraph at lines 915--916

 []


Underfull \hbox (badness 10000) in paragraph at lines 919--920

 []

[39]
Underfull \hbox (badness 10000) in paragraph at lines 921--922

 []


Underfull \hbox (badness 10000) in paragraph at lines 925--926

 []


Underfull \hbox (badness 10000) in paragraph at lines 927--928

 []


Underfull \hbox (badness 10000) in paragraph at lines 929--930

 []


Underfull \hbox (badness 10000) in paragraph at lines 931--932

 []

(main.bbl [40] [41

]
Underfull \hbox (badness 1701) in paragraph at lines 118--121
[]\OT1/bch/m/n/12 Rakshit Trivedi, Mehrdad Fara-jtabar, Prasen-jeet Biswal, and
 Hongyuan
 []


Underfull \hbox (badness 2495) in paragraph at lines 118--121
\OT1/bch/m/n/12 Zha.  Rep-re-sen-ta-tion learn-ing over dy-namic graphs.  \OT1/
bch/m/it/12 arXiv preprint
 []

[42] [43])
Package atveryend Info: Empty hook `BeforeClearDocument' on input line 939.
 [44]
Package atveryend Info: Empty hook `AfterLastShipout' on input line 939.
 (main.aux)
Package atveryend Info: Executing hook `AtVeryEndDocument' on input line 939.
Package atveryend Info: Executing hook `AtEndAfterFileList' on input line 939.
Package rerunfilecheck Info: File `main.out' has not changed.
(rerunfilecheck)             Checksum: BAF0AF6DB3BDEAA2556A0DBA78687EE8;3402.
Package atveryend Info: Empty hook `AtVeryVeryEnd' on input line 939.
 ) 
Here is how much of TeX's memory you used:
 10434 strings out of 492970
 159667 string characters out of 3126593
 266650 words of memory out of 3000000
 13835 multiletter control sequences out of 15000+200000
 40311 words of font info for 71 fonts, out of 3000000 for 9000
 1141 hyphenation exceptions out of 8191
 44i,12n,43p,1176b,574s stack positions out of 5000i,500n,10000p,200000b,50000s
{C:/Users/jxbox/AppData/Local/Programs/MiKTeX 2.9/fonts/enc/dvips/base/8r.enc
}<C:/Users/jxbox/AppData/Local/Programs/MiKTeX 2.9/fonts/type1/bitstrea/charter
/bchb8a.pfb><C:/Users/jxbox/AppData/Local/Programs/MiKTeX 2.9/fonts/type1/bitst
rea/charter/bchr8a.pfb><C:/Users/jxbox/AppData/Local/Programs/MiKTeX 2.9/fonts/
type1/bitstrea/charter/bchr8a.pfb><C:/Users/jxbox/AppData/Local/Programs/MiKTeX
 2.9/fonts/type1/bitstrea/charter/bchri8a.pfb><C:/Users/jxbox/AppData/Local/Pro
grams/MiKTeX 2.9/fonts/type1/public/amsfonts/cm/cmex10.pfb><C:/Users/jxbox/AppD
ata/Local/Programs/MiKTeX 2.9/fonts/type1/public/amsfonts/cm/cmmi10.pfb><C:/Use
rs/jxbox/AppData/Local/Programs/MiKTeX 2.9/fonts/type1/public/amsfonts/cm/cmmi1
2.pfb><C:/Users/jxbox/AppData/Local/Programs/MiKTeX 2.9/fonts/type1/public/amsf
onts/cm/cmmi8.pfb><C:/Users/jxbox/AppData/Local/Programs/MiKTeX 2.9/fonts/type1
/public/amsfonts/cm/cmr10.pfb><C:/Users/jxbox/AppData/Local/Programs/MiKTeX 2.9
/fonts/type1/public/amsfonts/cm/cmr12.pfb><C:/Users/jxbox/AppData/Local/Program
s/MiKTeX 2.9/fonts/type1/public/amsfonts/cm/cmr8.pfb><C:/Users/jxbox/AppData/Lo
cal/Programs/MiKTeX 2.9/fonts/type1/public/amsfonts/cm/cmss12.pfb><C:/Users/jxb
ox/AppData/Local/Programs/MiKTeX 2.9/fonts/type1/public/amsfonts/cm/cmssbx10.pf
b><C:/Users/jxbox/AppData/Local/Programs/MiKTeX 2.9/fonts/type1/public/amsfonts
/cm/cmsy10.pfb><C:/Users/jxbox/AppData/Local/Programs/MiKTeX 2.9/fonts/type1/pu
blic/amsfonts/cm/cmsy8.pfb>
Output written on main.pdf (51 pages, 1453322 bytes).
PDF statistics:
 839 PDF objects out of 1000 (max. 8388607)
 226 named destinations out of 1000 (max. 500000)
 590 words of extra memory for PDF output out of 10000 (max. 10000000)

